[02-Jul-25 01:56:20] __init__             :: DEBUG    :: VoiceState
[02-Jul-25 01:56:25] audio_player_task    :: DEBUG    :: --- Start Audio Player ---
[02-Jul-25 01:56:25] audio_player_task    :: DEBUG    :: Queue: 0
[02-Jul-25 01:56:25] audio_player_task    :: DEBUG    :: MODE: SOURCE
[02-Jul-25 01:56:25] getCurrentSong       :: DEBUG    :: Waiting for getting song...
[02-Jul-25 01:56:25] getCurrentSong       :: INFO     :: [i] Song: b'FML.'
[02-Jul-25 01:56:25] playCurrentSong      :: INFO     :: [+] Starting
[02-Jul-25 01:56:25] playCurrentSong      :: INFO     :: [+] Playing song...
[02-Jul-25 01:56:54] audio_player_task    :: DEBUG    :: Queue: 0
[02-Jul-25 01:56:54] audio_player_task    :: DEBUG    :: MODE: SOURCE
[02-Jul-25 01:56:54] getCurrentSong       :: DEBUG    :: Waiting for getting song...
[02-Jul-25 01:58:16] __init__             :: DEBUG    :: VoiceState
[02-Jul-25 01:58:22] audio_player_task    :: DEBUG    :: --- Start Audio Player ---
[02-Jul-25 01:58:22] audio_player_task    :: DEBUG    :: Queue: 0
[02-Jul-25 01:58:22] audio_player_task    :: DEBUG    :: MODE: SOURCE
[02-Jul-25 01:58:22] getCurrentSong       :: DEBUG    :: Waiting for getting song...
[02-Jul-25 01:58:22] getCurrentSong       :: INFO     :: [i] Song: b'FML.'
[02-Jul-25 01:58:22] playCurrentSong      :: INFO     :: [+] Starting
[02-Jul-25 01:58:22] playCurrentSong      :: INFO     :: [+] Playing song...
[02-Jul-25 01:58:51] audio_player_task    :: DEBUG    :: Queue: 0
[02-Jul-25 01:58:51] audio_player_task    :: DEBUG    :: MODE: SOURCE
[02-Jul-25 01:58:51] getCurrentSong       :: DEBUG    :: Waiting for getting song...
[02-Jul-25 01:58:57] getCurrentSong       :: INFO     :: [i] Song: b'FML.'
[02-Jul-25 01:58:57] playCurrentSong      :: INFO     :: [+] Starting
[02-Jul-25 01:58:57] playCurrentSong      :: INFO     :: [+] Playing song...
[02-Jul-25 01:58:57] audio_player_task    :: DEBUG    :: Queue: 0
[02-Jul-25 01:58:57] audio_player_task    :: DEBUG    :: MODE: SOURCE
[02-Jul-25 01:58:57] getCurrentSong       :: DEBUG    :: Waiting for getting song...
[02-Jul-25 02:00:07] __init__             :: DEBUG    :: VoiceState
[02-Jul-25 02:00:14] audio_player_task    :: DEBUG    :: --- Start Audio Player ---
[02-Jul-25 02:00:14] audio_player_task    :: DEBUG    :: Queue: 0
[02-Jul-25 02:00:14] audio_player_task    :: DEBUG    :: MODE: SOURCE
[02-Jul-25 02:00:14] getCurrentSong       :: DEBUG    :: Waiting for getting song...
[02-Jul-25 02:00:14] getCurrentSong       :: INFO     :: [i] Song: b'FML.'
[02-Jul-25 02:00:14] playCurrentSong      :: INFO     :: [+] Starting
[02-Jul-25 02:00:14] playCurrentSong      :: INFO     :: [+] Playing song...
[02-Jul-25 02:00:41] audio_player_task    :: DEBUG    :: Queue: 0
[02-Jul-25 02:00:41] audio_player_task    :: DEBUG    :: MODE: SOURCE
[02-Jul-25 02:00:41] getCurrentSong       :: DEBUG    :: Waiting for getting song...
[02-Jul-25 02:00:46] __init__             :: DEBUG    :: VoiceState
[02-Jul-25 02:00:53] audio_player_task    :: DEBUG    :: --- Start Audio Player ---
[02-Jul-25 02:00:53] audio_player_task    :: DEBUG    :: Queue: 0
[02-Jul-25 02:00:53] audio_player_task    :: DEBUG    :: MODE: SOURCE
[02-Jul-25 02:00:53] getCurrentSong       :: DEBUG    :: Waiting for getting song...
[02-Jul-25 02:00:53] getCurrentSong       :: INFO     :: [i] Song: b'FML.'
[02-Jul-25 02:00:53] playCurrentSong      :: INFO     :: [+] Starting
[02-Jul-25 02:00:53] playCurrentSong      :: INFO     :: [+] Playing song...
[02-Jul-25 02:01:35] __init__             :: DEBUG    :: VoiceState
[02-Jul-25 02:01:40] audio_player_task    :: DEBUG    :: --- Start Audio Player ---
[02-Jul-25 02:01:40] audio_player_task    :: DEBUG    :: Queue: 0
[02-Jul-25 02:01:40] audio_player_task    :: DEBUG    :: MODE: SOURCE
[02-Jul-25 02:01:40] getCurrentSong       :: DEBUG    :: Waiting for getting song...
[02-Jul-25 02:01:40] getCurrentSong       :: INFO     :: [i] Song: b'Arizona Zervas - FML (Official Video)'
[02-Jul-25 02:01:40] playCurrentSong      :: INFO     :: [+] Starting
[02-Jul-25 02:01:40] playCurrentSong      :: INFO     :: [+] Playing song...
[02-Jul-25 02:02:10] audio_player_task    :: DEBUG    :: Queue: 0
[02-Jul-25 02:02:10] audio_player_task    :: DEBUG    :: MODE: SOURCE
[02-Jul-25 02:02:10] getCurrentSong       :: DEBUG    :: Waiting for getting song...
[02-Jul-25 02:03:06] getCurrentSong       :: INFO     :: [i] Song: b'Team India avoid the follow-on courtesy of crucial runs by Bumrah & Akash Deep! | #AUSvINDOnStar'
[02-Jul-25 02:03:06] playCurrentSong      :: INFO     :: [+] Starting
[02-Jul-25 02:03:06] playCurrentSong      :: INFO     :: [+] Playing song...
[02-Jul-25 02:03:31] audio_player_task    :: DEBUG    :: Queue: 0
[02-Jul-25 02:03:31] audio_player_task    :: DEBUG    :: MODE: SOURCE
[02-Jul-25 02:03:31] getCurrentSong       :: DEBUG    :: Waiting for getting song...
[02-Jul-25 02:03:43] getCurrentSong       :: INFO     :: [i] Song: b'2Ectasy Feat. Z9 - Faded (Special Version)'
[02-Jul-25 02:03:43] playCurrentSong      :: INFO     :: [+] Starting
[02-Jul-25 02:03:43] playCurrentSong      :: INFO     :: [+] Playing song...
[02-Jul-25 02:04:05] audio_player_task    :: DEBUG    :: Queue: 0
[02-Jul-25 02:04:05] audio_player_task    :: DEBUG    :: MODE: SOURCE
[02-Jul-25 02:04:05] getCurrentSong       :: DEBUG    :: Waiting for getting song...
[02-Jul-25 02:04:15] getCurrentSong       :: INFO     :: [i] Song: b'YOUNGOHM - \xe0\xb8\x99\xe0\xb8\x84\xe0\xb8\xa3\xe0\xb8\x94\xe0\xb8\xb2\xe0\xb8\xa3\xe0\xb8\xb2 (Official Video)'
[02-Jul-25 02:04:15] playCurrentSong      :: INFO     :: [+] Starting
[02-Jul-25 02:04:15] playCurrentSong      :: INFO     :: [+] Playing song...
[02-Jul-25 02:04:15] audio_player_task    :: DEBUG    :: Queue: 0
[02-Jul-25 02:04:15] audio_player_task    :: DEBUG    :: MODE: SOURCE
[02-Jul-25 02:04:15] getCurrentSong       :: DEBUG    :: Waiting for getting song...
[02-Jul-25 02:06:31] __init__             :: DEBUG    :: VoiceState
[02-Jul-25 02:07:03] __init__             :: DEBUG    :: VoiceState
[02-Jul-25 02:07:12] audio_player_task    :: DEBUG    :: --- Start Audio Player ---
[02-Jul-25 02:07:12] audio_player_task    :: DEBUG    :: Queue: 0
[02-Jul-25 02:07:12] audio_player_task    :: DEBUG    :: MODE: SOURCE
[02-Jul-25 02:07:12] getCurrentSong       :: DEBUG    :: Waiting for getting song...
[02-Jul-25 02:07:12] getCurrentSong       :: INFO     :: [i] Song: b'2Ectasy Feat. Z9 - Faded (Special Version)'
[02-Jul-25 02:07:12] playCurrentSong      :: INFO     :: [+] Starting
[02-Jul-25 02:07:12] playCurrentSong      :: INFO     :: [+] Playing song...
[02-Jul-25 02:07:45] audio_player_task    :: DEBUG    :: Queue: 0
[02-Jul-25 02:07:45] audio_player_task    :: DEBUG    :: MODE: SOURCE
[02-Jul-25 02:07:45] getCurrentSong       :: DEBUG    :: Waiting for getting song...
[02-Jul-25 02:08:13] getCurrentSong       :: INFO     :: [i] Song: b'Arizona Zervas - FML (Official Video)'
[02-Jul-25 02:08:13] playCurrentSong      :: INFO     :: [+] Starting
[02-Jul-25 02:08:13] playCurrentSong      :: INFO     :: [+] Playing song...
[02-Jul-25 02:08:40] audio_player_task    :: DEBUG    :: Queue: 0
[02-Jul-25 02:08:40] audio_player_task    :: DEBUG    :: MODE: SOURCE
[02-Jul-25 02:08:40] getCurrentSong       :: DEBUG    :: Waiting for getting song...
[02-Jul-25 02:12:11] __init__             :: DEBUG    :: VoiceState
[02-Jul-25 02:12:18] audio_player_task    :: DEBUG    :: --- Start Audio Player ---
[02-Jul-25 02:12:18] audio_player_task    :: DEBUG    :: Queue: 0
[02-Jul-25 02:12:18] audio_player_task    :: DEBUG    :: MODE: SOURCE
[02-Jul-25 02:12:18] getCurrentSong       :: DEBUG    :: Waiting for getting song...
[02-Jul-25 02:12:18] getCurrentSong       :: INFO     :: [i] Song: b'Arizona Zervas - FML (Official Video)'
[02-Jul-25 02:12:18] playCurrentSong      :: INFO     :: [+] Starting
[02-Jul-25 02:12:18] playCurrentSong      :: INFO     :: [+] Playing song...
[02-Jul-25 02:12:36] audio_player_task    :: DEBUG    :: Queue: 0
[02-Jul-25 02:12:36] audio_player_task    :: DEBUG    :: MODE: SOURCE
[02-Jul-25 02:12:36] getCurrentSong       :: DEBUG    :: Waiting for getting song...
[02-Jul-25 02:12:36] getCurrentSong       :: INFO     :: [i] Song: b'Team India avoid the follow-on courtesy of crucial runs by Bumrah & Akash Deep! | #AUSvINDOnStar'
[02-Jul-25 02:12:36] playCurrentSong      :: INFO     :: [+] Starting
[02-Jul-25 02:12:36] playCurrentSong      :: INFO     :: [+] Playing song...
[02-Jul-25 02:13:00] audio_player_task    :: DEBUG    :: Queue: 0
[02-Jul-25 02:13:00] audio_player_task    :: DEBUG    :: MODE: SOURCE
[02-Jul-25 02:13:00] getCurrentSong       :: DEBUG    :: Waiting for getting song...
[02-Jul-25 02:13:00] getCurrentSong       :: INFO     :: [i] Song: b'RedSpin - \xe0\xb8\xa1\xe0\xb8\xb2\xe0\xb8\xa7 (MAWWW) [Official MV]'
[02-Jul-25 02:13:00] playCurrentSong      :: INFO     :: [+] Starting
[02-Jul-25 02:13:00] playCurrentSong      :: INFO     :: [+] Playing song...
[02-Jul-25 02:13:43] audio_player_task    :: DEBUG    :: Queue: 0
[02-Jul-25 02:13:43] audio_player_task    :: DEBUG    :: MODE: SOURCE
[02-Jul-25 02:13:43] getCurrentSong       :: DEBUG    :: Waiting for getting song...
[02-Jul-25 02:13:43] getCurrentSong       :: INFO     :: [i] Song: b'\xe0\xb8\x9f\xe0\xb8\xb1\xe0\xb8\x99\xe0\xb8\x98\xe0\xb8\x87 12 \xe0\xb8\x99\xe0\xb9\x89\xe0\xb8\xb3\xe0\xb8\xab\xe0\xb8\xad\xe0\xb8\xa1\xe0\xb8\xad\xe0\xb8\xad\xe0\xb8\x81\xe0\xb9\x83\xe0\xb8\xab\xe0\xb8\xa1\xe0\xb9\x88\xe0\xb8\x84\xe0\xb8\xa3\xe0\xb8\xb6\xe0\xb9\x88\xe0\xb8\x87\xe0\xb8\x9b\xe0\xb8\xb5 2025 \xe0\xb8\x81\xe0\xb8\xa5\xe0\xb8\xb4\xe0\xb9\x88\xe0\xb8\x99\xe0\xb9\x84\xe0\xb8\xab\xe0\xb8\x99\xe0\xb8\x84\xe0\xb8\xa7\xe0\xb8\xa3\xe0\xb8\xa1\xe0\xb8\xb5? \xe0\xb8\x81\xe0\xb8\xa5\xe0\xb8\xb4\xe0\xb9\x88\xe0\xb8\x99\xe0\xb9\x84\xe0\xb8\xab\xe0\xb8\x99\xe0\xb8\x84\xe0\xb8\xa7\xe0\xb8\xa3\xe0\xb8\xab\xe0\xb8\x99\xe0\xb8\xb5? \xe0\xb8\xad\xe0\xb8\xa2\xe0\xb9\x88\xe0\xb8\xb2\xe0\xb8\x8b\xe0\xb8\xb7\xe0\xb9\x89\xe0\xb8\xad! [No Spon] Scent of Byrd'
[02-Jul-25 02:13:43] playCurrentSong      :: INFO     :: [+] Starting
[02-Jul-25 02:13:43] playCurrentSong      :: INFO     :: [+] Playing song...
[02-Jul-25 02:13:47] audio_player_task    :: DEBUG    :: Queue: 0
[02-Jul-25 02:13:47] audio_player_task    :: DEBUG    :: MODE: SOURCE
[02-Jul-25 02:13:47] getCurrentSong       :: DEBUG    :: Waiting for getting song...
[02-Jul-25 02:14:12] getCurrentSong       :: INFO     :: [i] Song: b'\xe0\xb8\x99\xe0\xb9\x89\xe0\xb8\xb3\xe0\xb8\xab\xe0\xb8\xad\xe0\xb8\xa1 - COCKTAIL |Official MV|'
[02-Jul-25 02:14:12] playCurrentSong      :: INFO     :: [+] Starting
[02-Jul-25 02:14:12] playCurrentSong      :: INFO     :: [+] Playing song...
[02-Jul-25 02:14:46] audio_player_task    :: DEBUG    :: Queue: 0
[02-Jul-25 02:14:46] audio_player_task    :: DEBUG    :: MODE: SOURCE
[02-Jul-25 02:14:46] getCurrentSong       :: DEBUG    :: Waiting for getting song...
[02-Jul-25 02:14:46] getCurrentSong       :: INFO     :: [i] Song: b'RedSpin - \xe0\xb8\xa1\xe0\xb8\xb2\xe0\xb8\xa7 (MAWWW) [Official MV]'
[02-Jul-25 02:14:46] playCurrentSong      :: INFO     :: [+] Starting
[02-Jul-25 02:14:46] playCurrentSong      :: INFO     :: [+] Playing song...
[02-Jul-25 02:15:27] audio_player_task    :: DEBUG    :: Queue: 0
[02-Jul-25 02:15:27] audio_player_task    :: DEBUG    :: MODE: SOURCE
[02-Jul-25 02:15:27] getCurrentSong       :: DEBUG    :: Waiting for getting song...
[02-Jul-25 02:15:27] getCurrentSong       :: INFO     :: [i] Song: b'\xe0\xb8\x99\xe0\xb9\x89\xe0\xb8\xb3\xe0\xb8\xab\xe0\xb8\xad\xe0\xb8\xa1 - COCKTAIL |Official MV|'
[02-Jul-25 02:15:27] playCurrentSong      :: INFO     :: [+] Starting
[02-Jul-25 02:15:27] playCurrentSong      :: INFO     :: [+] Playing song...
[02-Jul-25 02:15:54] audio_player_task    :: DEBUG    :: Queue: 0
[02-Jul-25 02:15:54] audio_player_task    :: DEBUG    :: MODE: SOURCE
[02-Jul-25 02:15:54] getCurrentSong       :: DEBUG    :: Waiting for getting song...
[02-Jul-25 02:15:54] getCurrentSong       :: INFO     :: [i] Song: b'RS-25 hotfire! NASA fires up Artemis moon rocket engine test for 500 seconds'
[02-Jul-25 02:15:54] playCurrentSong      :: INFO     :: [+] Starting
[02-Jul-25 02:15:54] playCurrentSong      :: INFO     :: [+] Playing song...
[02-Jul-25 02:16:12] audio_player_task    :: DEBUG    :: Queue: 0
[02-Jul-25 02:16:12] audio_player_task    :: DEBUG    :: MODE: SOURCE
[02-Jul-25 02:16:12] getCurrentSong       :: DEBUG    :: Waiting for getting song...
[02-Jul-25 02:16:20] getCurrentSong       :: INFO     :: [i] Song: b'The Weeknd, JENNIE & Lily Rose Depp - One Of The Girls (Official Audio)'
[02-Jul-25 02:16:20] playCurrentSong      :: INFO     :: [+] Starting
[02-Jul-25 02:16:20] playCurrentSong      :: INFO     :: [+] Playing song...
[02-Jul-25 02:16:51] audio_player_task    :: DEBUG    :: Queue: 0
[02-Jul-25 02:16:51] audio_player_task    :: DEBUG    :: MODE: SOURCE
[02-Jul-25 02:16:51] getCurrentSong       :: DEBUG    :: Waiting for getting song...
[02-Jul-25 02:17:01] getCurrentSong       :: INFO     :: [i] Song: b'Lazyloxy - Tiger Cry Freestyle (Raw Session Live) + ENG SUB'
[02-Jul-25 02:17:01] playCurrentSong      :: INFO     :: [+] Starting
[02-Jul-25 02:17:01] playCurrentSong      :: INFO     :: [+] Playing song...
[02-Jul-25 02:17:16] audio_player_task    :: DEBUG    :: Queue: 0
[02-Jul-25 02:17:16] audio_player_task    :: DEBUG    :: MODE: SOURCE
[02-Jul-25 02:17:16] getCurrentSong       :: DEBUG    :: Waiting for getting song...
[02-Jul-25 02:17:31] getCurrentSong       :: INFO     :: [i] Song: b'Lazyloxy - \xe0\xb8\x82\xe0\xb8\xb2\xe0\xb8\xa7\xe0\xb8\x94\xe0\xb8\xb3 ft. Vezeus, Highhot (Audio)'
[02-Jul-25 02:17:31] playCurrentSong      :: INFO     :: [+] Starting
[02-Jul-25 02:17:31] playCurrentSong      :: INFO     :: [+] Playing song...
[02-Jul-25 02:18:00] audio_player_task    :: DEBUG    :: Queue: 0
[02-Jul-25 02:18:00] audio_player_task    :: DEBUG    :: MODE: SOURCE
[02-Jul-25 02:18:00] getCurrentSong       :: DEBUG    :: Waiting for getting song...
[02-Jul-25 02:18:13] getCurrentSong       :: INFO     :: [i] Song: b'\xe0\xb8\xad\xe0\xb8\xa3\xe0\xb9\x88\xe0\xb8\xad\xe0\xb8\xa2 \xe0\xb9\x81\xe0\xb8\x95\xe0\xb9\x88\xe0\xb8\xa7\xe0\xb9\x88\xe0\xb8\xb2\xe0\xb8\x95\xe0\xb8\x81 \xe0\xb9\x80\xe0\xb8\xa5\xe0\xb8\xa2 555+ #\xe0\xb8\x84\xe0\xb8\x99\xe0\xb8\x95\xe0\xb8\xa5\xe0\xb8\x81 #\xe0\xb9\x80\xe0\xb8\x94\xe0\xb9\x87\xe0\xb8\x81\xe0\xb9\x80\xe0\xb8\xa5\xe0\xb9\x87\xe0\xb8\x81 \xe0\xb8\x81\xe0\xb8\x94\xe0\xb8\x96\xe0\xb8\xb9\xe0\xb8\x81\xe0\xb9\x83\xe0\xb8\x88   \xe0\xb8\x81\xe0\xb8\x94\xe0\xb8\x95\xe0\xb8\xb4\xe0\xb8\x94\xe0\xb8\x95\xe0\xb8\xb2\xe0\xb8\xa1 \xe0\xb8\x8a\xe0\xb9\x88\xe0\xb8\xad\xe0\xb8\x87 SM.PEEM.\xe4\xba\x97'
[02-Jul-25 02:18:13] playCurrentSong      :: INFO     :: [+] Starting
[02-Jul-25 02:18:13] playCurrentSong      :: INFO     :: [+] Playing song...
[02-Jul-25 02:18:20] audio_player_task    :: DEBUG    :: Queue: 0
[02-Jul-25 02:18:20] audio_player_task    :: DEBUG    :: MODE: SOURCE
[02-Jul-25 02:18:20] getCurrentSong       :: DEBUG    :: Waiting for getting song...
[02-Jul-25 02:18:27] getCurrentSong       :: INFO     :: [i] Song: b'RS-25 hotfire! NASA fires up Artemis moon rocket engine test for 500 seconds'
[02-Jul-25 02:18:27] playCurrentSong      :: INFO     :: [+] Starting
[02-Jul-25 02:18:27] playCurrentSong      :: INFO     :: [+] Playing song...
[02-Jul-25 02:18:40] audio_player_task    :: DEBUG    :: Queue: 0
[02-Jul-25 02:18:40] audio_player_task    :: DEBUG    :: MODE: SOURCE
[02-Jul-25 02:18:40] getCurrentSong       :: DEBUG    :: Waiting for getting song...
[02-Jul-25 02:18:48] getCurrentSong       :: INFO     :: [i] Song: b'ILLSLICK - \xe0\xb8\xab\xe0\xb8\xa5\xe0\xb8\xb1\xe0\xb8\x87\xe0\xb8\x88\xe0\xb8\xb2\xe0\xb8\x81\xe0\xb8\x89\xe0\xb8\xb1\xe0\xb8\x99\xe0\xb8\x95\xe0\xb8\xb2\xe0\xb8\xa2 [Official Music Video]'
[02-Jul-25 02:18:48] playCurrentSong      :: INFO     :: [+] Starting
[02-Jul-25 02:18:48] playCurrentSong      :: INFO     :: [+] Playing song...
[02-Jul-25 02:19:10] audio_player_task    :: DEBUG    :: Queue: 0
[02-Jul-25 02:19:10] audio_player_task    :: DEBUG    :: MODE: SOURCE
[02-Jul-25 02:19:10] getCurrentSong       :: DEBUG    :: Waiting for getting song...
[02-Jul-25 02:19:17] getCurrentSong       :: INFO     :: [i] Song: b'RedSpin - \xe0\xb8\xa1\xe0\xb8\xb2\xe0\xb8\xa7 (MAWWW) [Official MV]'
[02-Jul-25 02:19:17] playCurrentSong      :: INFO     :: [+] Starting
[02-Jul-25 02:19:17] playCurrentSong      :: INFO     :: [+] Playing song...
[02-Jul-25 02:21:53] audio_player_task    :: DEBUG    :: Queue: 0
[02-Jul-25 02:21:53] audio_player_task    :: DEBUG    :: MODE: SOURCE
[02-Jul-25 02:21:53] getCurrentSong       :: DEBUG    :: Waiting for getting song...
[02-Jul-25 02:21:53] getCurrentSong       :: INFO     :: [i] Song: b'PUN - Living Death'
[02-Jul-25 02:21:53] playCurrentSong      :: INFO     :: [+] Starting
[02-Jul-25 02:21:53] playCurrentSong      :: INFO     :: [+] Playing song...
[02-Jul-25 02:22:34] audio_player_task    :: DEBUG    :: Queue: 0
[02-Jul-25 02:22:34] audio_player_task    :: DEBUG    :: MODE: SOURCE
[02-Jul-25 02:22:34] getCurrentSong       :: DEBUG    :: Waiting for getting song...
